<?xml version="1.0" encoding="UTF-8"?>
<testsuite name="com.example.projecttest1.Projecttest1ApplicationTests" tests="1" skipped="0" failures="0" errors="0" timestamp="2023-08-08T21:57:30" hostname="ip-172-26-13-62" time="0.02">
  <properties/>
  <testcase name="contextLoads()" classname="com.example.projecttest1.Projecttest1ApplicationTests" time="0.02"/>
  <system-out><![CDATA[]]></system-out>
  <system-err><![CDATA[]]></system-err>
</testsuite>
